TN:
SF:src\application\index.ts
FNF:0
FNH:0
DA:1,1
DA:2,1
DA:3,1
DA:4,1
DA:5,1
DA:6,1
DA:7,1
DA:8,1
DA:9,1
DA:10,1
DA:11,1
DA:12,1
DA:13,1
DA:14,1
DA:15,1
DA:16,1
DA:17,1
DA:18,1
DA:19,1
DA:20,1
DA:21,1
DA:22,1
DA:23,0
DA:24,0
DA:25,0
DA:26,0
DA:27,0
DA:28,0
DA:29,0
DA:30,0
DA:31,0
DA:32,0
DA:33,0
DA:34,0
DA:35,0
DA:36,0
DA:37,0
DA:38,0
DA:39,0
DA:40,0
DA:41,0
DA:42,0
DA:43,1
DA:44,1
DA:45,1
DA:46,1
DA:47,1
LF:47
LH:27
BRDA:16,0,0,0
BRDA:22,1,0,0
BRF:2
BRH:0
end_of_record
TN:
SF:src\application\useCases\CreateAppointmentUseCase.ts
FN:22,CreateAppointmentUseCase
FN:29,execute
FNF:2
FNH:2
FNDA:2,CreateAppointmentUseCase
FNDA:2,execute
DA:1,1
DA:2,1
DA:3,1
DA:4,1
DA:5,1
DA:6,1
DA:7,1
DA:8,1
DA:9,1
DA:10,1
DA:11,1
DA:12,1
DA:13,1
DA:14,1
DA:15,1
DA:16,1
DA:17,1
DA:18,1
DA:19,1
DA:20,1
DA:21,1
DA:22,1
DA:23,2
DA:24,2
DA:25,2
DA:26,2
DA:27,2
DA:28,1
DA:29,1
DA:30,2
DA:31,2
DA:32,2
DA:33,1
DA:34,1
DA:35,1
DA:36,1
DA:37,1
DA:38,1
DA:39,1
DA:40,1
DA:41,1
DA:42,1
DA:43,1
DA:44,2
DA:45,0
DA:46,0
DA:47,1
DA:48,1
DA:49,1
DA:50,2
DA:51,0
DA:52,0
DA:53,1
DA:54,1
DA:55,1
DA:56,2
DA:57,0
DA:58,0
DA:59,1
DA:60,1
DA:61,1
DA:62,1
DA:63,1
DA:64,1
DA:65,1
DA:66,1
DA:67,1
DA:68,1
DA:69,1
DA:70,1
DA:71,1
DA:72,1
DA:73,1
DA:74,1
DA:75,1
DA:76,1
DA:77,1
DA:78,1
DA:79,1
DA:80,1
DA:81,1
DA:82,2
DA:83,0
DA:84,0
DA:85,0
DA:86,1
DA:87,1
DA:88,2
DA:89,1
LF:89
LH:80
BRDA:22,0,0,2
BRDA:29,1,0,2
BRDA:32,2,0,1
BRDA:44,3,0,0
BRDA:47,4,0,1
BRDA:50,5,0,0
BRDA:53,6,0,1
BRDA:56,7,0,0
BRDA:59,8,0,1
BRDA:82,9,0,0
BRDA:85,10,0,1
BRF:11
BRH:7
end_of_record
TN:
SF:src\application\useCases\CreateDoctorUseCase.ts
FN:13,CreateDoctorUseCase
FN:19,execute
FNF:2
FNH:2
FNDA:1,CreateDoctorUseCase
FNDA:1,execute
DA:1,1
DA:2,1
DA:3,1
DA:4,1
DA:5,1
DA:6,1
DA:7,1
DA:8,1
DA:9,1
DA:10,1
DA:11,1
DA:12,1
DA:13,1
DA:14,1
DA:15,1
DA:16,1
DA:17,1
DA:18,1
DA:19,1
DA:20,1
DA:21,1
DA:22,1
DA:23,1
DA:24,1
DA:25,0
DA:26,0
DA:27,1
DA:28,1
DA:29,1
DA:30,1
DA:31,1
DA:32,1
DA:33,1
DA:34,1
DA:35,1
DA:36,1
DA:37,1
LF:37
LH:35
BRDA:13,0,0,1
BRDA:19,1,0,1
BRDA:24,2,0,0
BRF:3
BRH:2
end_of_record
TN:
SF:src\application\useCases\CreatePatientUseCase.ts
FN:13,CreatePatientUseCase
FN:19,execute
FNF:2
FNH:2
FNDA:1,CreatePatientUseCase
FNDA:1,execute
DA:1,1
DA:2,1
DA:3,1
DA:4,1
DA:5,1
DA:6,1
DA:7,1
DA:8,1
DA:9,1
DA:10,1
DA:11,1
DA:12,1
DA:13,1
DA:14,1
DA:15,1
DA:16,1
DA:17,1
DA:18,1
DA:19,1
DA:20,1
DA:21,1
DA:22,1
DA:23,1
DA:24,1
DA:25,0
DA:26,0
DA:27,1
DA:28,1
DA:29,1
DA:30,1
DA:31,1
DA:32,1
DA:33,1
DA:34,1
DA:35,1
DA:36,1
DA:37,1
LF:37
LH:35
BRDA:13,0,0,1
BRDA:19,1,0,1
BRDA:24,2,0,0
BRF:3
BRH:2
end_of_record
TN:
SF:src\application\useCases\CreateSlotUseCase.ts
FN:17,CreateSlotUseCase
FN:23,execute
FNF:2
FNH:2
FNDA:2,CreateSlotUseCase
FNDA:2,execute
DA:1,1
DA:2,1
DA:3,1
DA:4,1
DA:5,1
DA:6,1
DA:7,1
DA:8,1
DA:9,1
DA:10,1
DA:11,1
DA:12,1
DA:13,1
DA:14,1
DA:15,1
DA:16,1
DA:17,1
DA:18,2
DA:19,2
DA:20,2
DA:21,2
DA:22,1
DA:23,1
DA:24,2
DA:25,2
DA:26,2
DA:27,0
DA:28,0
DA:29,2
DA:30,2
DA:31,2
DA:32,2
DA:33,2
DA:34,0
DA:35,0
DA:36,2
DA:37,2
DA:38,2
DA:39,1
DA:40,1
DA:41,1
DA:42,1
DA:43,1
DA:44,1
DA:45,1
DA:46,1
DA:47,1
DA:48,1
LF:48
LH:44
BRDA:17,0,0,2
BRDA:23,1,0,2
BRDA:26,2,0,0
BRDA:33,3,0,0
BRDA:39,4,0,1
BRF:5
BRH:3
end_of_record
TN:
SF:src\application\useCases\EditAvailableSlotUseCase.ts
FN:16,EditAvailableSlotUseCase
FN:20,execute
FNF:2
FNH:2
FNDA:2,EditAvailableSlotUseCase
FNDA:2,execute
DA:1,1
DA:2,1
DA:3,1
DA:4,1
DA:5,1
DA:6,1
DA:7,1
DA:8,1
DA:9,1
DA:10,1
DA:11,1
DA:12,1
DA:13,1
DA:14,1
DA:15,1
DA:16,1
DA:17,2
DA:18,2
DA:19,1
DA:20,1
DA:21,2
DA:22,2
DA:23,2
DA:24,0
DA:25,0
DA:26,2
DA:27,2
DA:28,2
DA:29,2
DA:30,2
DA:31,0
DA:32,0
DA:33,2
DA:34,2
DA:35,2
DA:36,2
DA:37,2
DA:38,2
DA:39,2
DA:40,1
DA:41,1
DA:42,1
DA:43,1
DA:44,1
DA:45,1
DA:46,1
DA:47,1
DA:48,1
DA:49,1
DA:50,1
DA:51,1
DA:52,1
DA:53,1
LF:53
LH:49
BRDA:16,0,0,2
BRDA:20,1,0,2
BRDA:23,2,0,0
BRDA:30,3,0,0
BRDA:39,4,0,1
BRF:5
BRH:3
end_of_record
TN:
SF:src\application\useCases\ListAvailableSlotsUseCase.ts
FN:13,ListAvailableSlotsUseCase
FN:19,execute
FNF:2
FNH:2
FNDA:1,ListAvailableSlotsUseCase
FNDA:1,execute
DA:1,1
DA:2,1
DA:3,1
DA:4,1
DA:5,1
DA:6,1
DA:7,1
DA:8,1
DA:9,1
DA:10,1
DA:11,1
DA:12,1
DA:13,1
DA:14,1
DA:15,1
DA:16,1
DA:17,1
DA:18,1
DA:19,1
DA:20,1
DA:21,1
DA:22,1
DA:23,0
DA:24,0
DA:25,0
DA:26,0
DA:27,0
DA:28,0
DA:29,0
DA:30,1
DA:31,1
DA:32,1
DA:33,1
DA:34,1
DA:35,1
LF:35
LH:28
BRDA:13,0,0,1
BRDA:19,1,0,1
BRF:2
BRH:2
end_of_record
TN:
SF:src\application\useCases\ListDoctorsUseCase.ts
FN:12,ListDoctorsUseCase
FN:18,execute
FNF:2
FNH:2
FNDA:2,ListDoctorsUseCase
FNDA:2,execute
DA:1,1
DA:2,1
DA:3,1
DA:4,1
DA:5,1
DA:6,1
DA:7,1
DA:8,1
DA:9,1
DA:10,1
DA:11,1
DA:12,1
DA:13,2
DA:14,2
DA:15,2
DA:16,2
DA:17,1
DA:18,1
DA:19,2
DA:20,2
DA:21,2
DA:22,2
DA:23,2
DA:24,2
DA:25,2
DA:26,2
DA:27,2
DA:28,2
DA:29,2
DA:30,1
DA:31,1
LF:31
LH:31
BRDA:12,0,0,2
BRDA:18,1,0,2
BRDA:21,2,0,2
BRF:3
BRH:3
end_of_record
TN:
SF:src\communication\controller\CreateAppointmentController.ts
FN:6,CreateAppointmentController
FN:10,handler
FNF:2
FNH:2
FNDA:2,CreateAppointmentController
FNDA:2,handler
DA:1,1
DA:2,1
DA:3,1
DA:4,1
DA:5,1
DA:6,1
DA:7,2
DA:8,2
DA:9,1
DA:10,1
DA:11,2
DA:12,2
DA:13,1
LF:13
LH:13
BRDA:6,0,0,2
BRDA:10,1,0,2
BRF:2
BRH:2
end_of_record
TN:
SF:src\communication\controller\CreateSlotController.ts
FN:6,CreateSlotController
FN:10,handler
FNF:2
FNH:2
FNDA:2,CreateSlotController
FNDA:2,handler
DA:1,1
DA:2,1
DA:3,1
DA:4,1
DA:5,1
DA:6,1
DA:7,2
DA:8,2
DA:9,1
DA:10,1
DA:11,2
DA:12,2
DA:13,1
DA:14,1
LF:14
LH:14
BRDA:6,0,0,2
BRDA:10,1,0,2
BRF:2
BRH:2
end_of_record
TN:
SF:src\communication\controller\EditAvailableSlotController.ts
FN:6,EditAvailableSlotController
FN:10,handler
FNF:2
FNH:2
FNDA:2,EditAvailableSlotController
FNDA:2,handler
DA:1,1
DA:2,1
DA:3,1
DA:4,1
DA:5,1
DA:6,1
DA:7,2
DA:8,2
DA:9,1
DA:10,1
DA:11,2
DA:12,2
DA:13,1
DA:14,1
LF:14
LH:14
BRDA:6,0,0,2
BRDA:10,1,0,2
BRF:2
BRH:2
end_of_record
TN:
SF:src\communication\controller\ListAvailableSlotsController.ts
FN:6,ListAvailableSlotsController
FN:10,handler
FNF:2
FNH:2
FNDA:1,ListAvailableSlotsController
FNDA:1,handler
DA:1,1
DA:2,1
DA:3,1
DA:4,1
DA:5,1
DA:6,1
DA:7,1
DA:8,1
DA:9,1
DA:10,1
DA:11,1
DA:12,1
DA:13,1
DA:14,1
LF:14
LH:14
BRDA:6,0,0,1
BRDA:10,1,0,1
BRF:2
BRH:2
end_of_record
TN:
SF:src\communication\controller\ListDoctorsController.ts
FN:6,ListDoctorsController
FN:10,handler
FNF:2
FNH:2
FNDA:2,ListDoctorsController
FNDA:2,handler
DA:1,1
DA:2,1
DA:3,1
DA:4,1
DA:5,1
DA:6,1
DA:7,2
DA:8,2
DA:9,1
DA:10,1
DA:11,2
DA:12,2
DA:13,1
DA:14,1
LF:14
LH:14
BRDA:6,0,0,2
BRDA:10,1,0,2
BRF:2
BRH:2
end_of_record
TN:
SF:src\core\entities\Appointment.ts
FN:12,Appointment
FNF:1
FNH:1
FNDA:1,Appointment
DA:1,1
DA:2,1
DA:3,1
DA:4,1
DA:5,1
DA:6,1
DA:7,1
DA:8,1
DA:9,1
DA:10,1
DA:11,1
DA:12,1
DA:13,1
DA:14,1
DA:15,1
DA:16,1
DA:17,1
DA:18,1
DA:19,1
DA:20,1
DA:21,1
DA:22,1
LF:22
LH:22
BRDA:12,0,0,1
BRF:1
BRH:1
end_of_record
TN:
SF:src\core\entities\AvailableSlot.ts
FN:14,AvailableSlot
FN:16,assingObject
FN:29,validations
FNF:3
FNH:3
FNDA:4,AvailableSlot
FNDA:4,assingObject
FNDA:4,validations
DA:1,1
DA:2,1
DA:3,1
DA:4,1
DA:5,1
DA:6,1
DA:7,1
DA:8,1
DA:9,1
DA:10,1
DA:11,1
DA:12,1
DA:13,1
DA:14,1
DA:15,1
DA:16,1
DA:17,4
DA:18,4
DA:19,4
DA:20,4
DA:21,4
DA:22,4
DA:23,4
DA:24,4
DA:25,4
DA:26,4
DA:27,4
DA:28,1
DA:29,1
DA:30,4
DA:31,4
DA:32,4
DA:33,1
DA:34,1
DA:35,3
DA:36,3
DA:37,4
DA:38,0
DA:39,0
DA:40,4
DA:41,4
DA:42,1
LF:42
LH:40
BRDA:14,0,0,4
BRDA:16,1,0,4
BRDA:29,2,0,4
BRDA:32,3,0,1
BRDA:35,4,0,3
BRDA:37,5,0,0
BRF:6
BRH:5
end_of_record
TN:
SF:src\core\entities\Doctor.ts
FN:4,Doctor
FNF:1
FNH:1
FNDA:1,Doctor
DA:1,1
DA:2,1
DA:3,1
DA:4,1
DA:5,1
DA:6,1
DA:7,1
DA:8,1
DA:9,1
DA:10,1
LF:10
LH:10
BRDA:4,0,0,1
BRF:1
BRH:1
end_of_record
TN:
SF:src\core\entities\Patient.ts
FN:4,Patient
FNF:1
FNH:1
FNDA:1,Patient
DA:1,1
DA:2,1
DA:3,1
DA:4,1
DA:5,1
DA:6,1
DA:7,1
DA:8,1
DA:9,1
DA:10,1
LF:10
LH:10
BRDA:4,0,0,1
BRF:1
BRH:1
end_of_record
TN:
SF:src\core\entities\Roles.ts
FNF:0
FNH:0
DA:1,1
DA:2,1
DA:3,1
DA:4,1
LF:4
LH:4
BRDA:1,0,0,1
BRF:1
BRH:1
end_of_record
TN:
SF:src\core\messaging\QueueNames.ts
FNF:0
FNH:0
DA:1,1
DA:2,1
DA:3,1
DA:4,1
DA:5,1
LF:5
LH:5
BRDA:1,0,0,1
BRF:1
BRH:1
end_of_record
TN:
SF:src\infra\datasource\typeorm\index.ts
FNF:0
FNH:0
DA:1,1
DA:2,1
DA:3,1
DA:4,1
DA:5,1
DA:6,1
DA:7,1
DA:8,1
DA:9,1
DA:10,1
DA:11,1
DA:12,1
DA:13,1
DA:14,1
DA:15,1
DA:16,1
DA:17,1
DA:18,1
DA:19,1
DA:20,1
DA:21,1
DA:22,1
DA:23,1
DA:24,1
DA:25,1
DA:26,1
DA:27,1
DA:28,1
DA:29,1
DA:30,1
DA:31,1
DA:32,1
LF:32
LH:32
BRDA:28,0,0,0
BRF:1
BRH:0
end_of_record
TN:
SF:src\infra\datasource\typeorm\entities\AppointmentEntity.ts
FNF:0
FNH:0
DA:1,1
DA:2,1
DA:3,1
DA:4,1
DA:5,1
DA:6,1
DA:7,1
DA:8,1
DA:9,1
DA:10,1
DA:11,1
DA:12,1
DA:13,1
DA:14,1
DA:15,1
DA:16,1
DA:17,1
DA:18,1
DA:19,1
DA:20,1
DA:21,1
DA:22,1
DA:23,1
DA:24,1
DA:25,1
DA:26,1
DA:27,1
DA:28,1
DA:29,1
DA:30,1
DA:31,1
DA:32,1
DA:33,1
DA:34,1
DA:35,1
DA:36,1
DA:37,1
DA:38,1
DA:39,1
DA:40,1
DA:41,1
DA:42,1
DA:43,1
DA:44,1
DA:45,1
DA:46,1
DA:47,1
DA:48,1
DA:49,1
DA:50,1
DA:51,1
DA:52,1
DA:53,1
DA:54,1
DA:55,1
LF:55
LH:55
BRDA:5,0,0,0
BRF:1
BRH:0
end_of_record
TN:
SF:src\infra\datasource\typeorm\entities\AvailableSlotEntity.ts
FNF:0
FNH:0
DA:1,1
DA:2,1
DA:3,1
DA:4,1
DA:5,1
DA:6,1
DA:7,1
DA:8,1
DA:9,1
DA:10,1
DA:11,1
DA:12,1
DA:13,1
DA:14,1
DA:15,1
DA:16,1
DA:17,1
DA:18,1
DA:19,1
DA:20,1
DA:21,1
DA:22,1
DA:23,1
DA:24,1
DA:25,1
DA:26,1
DA:27,1
DA:28,1
DA:29,1
DA:30,1
DA:31,1
DA:32,1
DA:33,1
DA:34,1
DA:35,1
DA:36,1
DA:37,1
DA:38,1
DA:39,1
DA:40,1
DA:41,1
DA:42,1
DA:43,1
DA:44,1
DA:45,1
DA:46,1
DA:47,1
LF:47
LH:47
BRDA:6,0,0,0
BRF:1
BRH:0
end_of_record
TN:
SF:src\infra\datasource\typeorm\entities\BaseColumnSchemaPart.ts
FNF:0
FNH:0
DA:1,1
DA:2,1
DA:3,1
DA:4,1
DA:5,1
DA:6,1
DA:7,1
DA:8,1
DA:9,1
DA:10,1
DA:11,1
DA:12,1
DA:13,1
DA:14,1
DA:15,1
DA:16,1
DA:17,1
DA:18,1
LF:18
LH:18
BRDA:4,0,0,0
BRF:1
BRH:0
end_of_record
TN:
SF:src\infra\datasource\typeorm\entities\DoctorEntity.ts
FNF:0
FNH:0
DA:1,1
DA:2,1
DA:3,1
DA:4,1
DA:5,1
DA:6,1
DA:7,1
DA:8,1
DA:9,1
DA:10,1
DA:11,1
DA:12,1
DA:13,1
DA:14,1
DA:15,1
DA:16,1
DA:17,1
DA:18,1
DA:19,1
DA:20,1
DA:21,1
DA:22,1
LF:22
LH:22
BRF:0
BRH:0
end_of_record
TN:
SF:src\infra\datasource\typeorm\entities\PatientEntity.ts
FNF:0
FNH:0
DA:1,1
DA:2,1
DA:3,1
DA:4,1
DA:5,1
DA:6,1
DA:7,1
DA:8,1
DA:9,1
DA:10,1
DA:11,1
DA:12,1
DA:13,1
DA:14,1
DA:15,1
DA:16,1
DA:17,1
DA:18,1
DA:19,1
DA:20,1
DA:21,1
DA:22,1
LF:22
LH:22
BRF:0
BRH:0
end_of_record
TN:
SF:src\infra\datasource\typeorm\postgres\AppointmentsRepositoryPostgres.ts
FN:8,AppointmentsRepositoryPostgres
FN:12,create
FNF:2
FNH:2
FNDA:2,AppointmentsRepositoryPostgres
FNDA:1,create
DA:1,1
DA:2,1
DA:3,1
DA:4,1
DA:5,1
DA:6,1
DA:7,1
DA:8,1
DA:9,2
DA:10,2
DA:11,1
DA:12,1
DA:13,1
DA:14,1
DA:15,1
DA:16,1
DA:17,1
LF:17
LH:17
BRDA:8,0,0,2
BRDA:12,1,0,1
BRF:2
BRH:2
end_of_record
TN:
SF:src\infra\datasource\typeorm\postgres\AvailableSlotsRepositoryPostgres.ts
FN:8,AvailableSlotsRepositoryPostgres
FN:12,create
FN:18,findById
FN:22,listAvailableSlotsByDoctorId
FN:32,updateSlot
FNF:5
FNH:5
FNDA:6,AvailableSlotsRepositoryPostgres
FNDA:1,create
FNDA:3,findById
FNDA:1,listAvailableSlotsByDoctorId
FNDA:2,updateSlot
DA:1,1
DA:2,1
DA:3,1
DA:4,1
DA:5,1
DA:6,1
DA:7,1
DA:8,1
DA:9,6
DA:10,6
DA:11,1
DA:12,1
DA:13,1
DA:14,1
DA:15,1
DA:16,1
DA:17,1
DA:18,1
DA:19,3
DA:20,3
DA:21,1
DA:22,1
DA:23,1
DA:24,1
DA:25,1
DA:26,1
DA:27,1
DA:28,1
DA:29,1
DA:30,1
DA:31,1
DA:32,1
DA:33,2
DA:34,2
DA:35,2
DA:36,2
DA:37,0
DA:38,0
DA:39,2
DA:40,2
DA:41,2
DA:42,2
DA:43,2
DA:44,2
DA:45,2
DA:46,2
DA:47,2
DA:48,1
DA:49,1
LF:49
LH:47
BRDA:8,0,0,6
BRDA:12,1,0,1
BRDA:18,2,0,3
BRDA:22,3,0,1
BRDA:32,4,0,2
BRDA:36,5,0,0
BRF:6
BRH:5
end_of_record
TN:
SF:src\infra\datasource\typeorm\postgres\DoctorsRepositoryPostgres.ts
FN:6,DoctorsRepositoryPostgres
FN:10,create
FN:16,findById
FN:20,list
FN:25,findByEmail
FNF:5
FNH:5
FNDA:8,DoctorsRepositoryPostgres
FNDA:1,create
FNDA:1,findById
FNDA:2,list
FNDA:5,findByEmail
DA:1,1
DA:2,1
DA:3,1
DA:4,1
DA:5,1
DA:6,1
DA:7,8
DA:8,8
DA:9,1
DA:10,1
DA:11,1
DA:12,1
DA:13,1
DA:14,1
DA:15,1
DA:16,1
DA:17,1
DA:18,1
DA:19,1
DA:20,1
DA:21,2
DA:22,2
DA:23,2
DA:24,1
DA:25,1
DA:26,5
DA:27,5
DA:28,5
DA:29,1
LF:29
LH:29
BRDA:6,0,0,8
BRDA:10,1,0,1
BRDA:16,2,0,1
BRDA:20,3,0,2
BRDA:25,4,0,5
BRF:5
BRH:5
end_of_record
TN:
SF:src\infra\datasource\typeorm\postgres\PatientsRepositoryPostgres.ts
FN:7,PatientsRepositoryPostgres
FN:11,create
FN:17,findById
FN:21,findByEmail
FNF:4
FNH:4
FNDA:2,PatientsRepositoryPostgres
FNDA:1,create
FNDA:1,findById
FNDA:1,findByEmail
DA:1,1
DA:2,1
DA:3,1
DA:4,1
DA:5,1
DA:6,1
DA:7,1
DA:8,2
DA:9,2
DA:10,1
DA:11,1
DA:12,1
DA:13,1
DA:14,1
DA:15,1
DA:16,1
DA:17,1
DA:18,1
DA:19,1
DA:20,1
DA:21,1
DA:22,1
DA:23,1
DA:24,1
DA:25,1
LF:25
LH:25
BRDA:7,0,0,2
BRDA:11,1,0,1
BRDA:17,2,0,1
BRDA:21,3,0,1
BRF:4
BRH:4
end_of_record
TN:
SF:src\infra\messaging\AppointmentAdapterOUT.ts
FN:12,AppointmentAdapterOUT
FN:17,connect
FN:24,publish
FNF:3
FNH:0
FNDA:0,AppointmentAdapterOUT
FNDA:0,connect
FNDA:0,publish
DA:1,1
DA:2,1
DA:3,1
DA:4,1
DA:5,1
DA:6,1
DA:7,1
DA:8,1
DA:9,1
DA:10,1
DA:11,1
DA:12,1
DA:13,0
DA:14,0
DA:15,0
DA:16,1
DA:17,1
DA:18,0
DA:19,0
DA:20,0
DA:21,0
DA:22,0
DA:23,1
DA:24,1
DA:25,0
DA:26,0
DA:27,0
DA:28,0
DA:29,0
DA:30,0
DA:31,0
DA:32,0
DA:33,0
DA:34,0
DA:35,0
DA:36,0
DA:37,0
DA:38,0
DA:39,0
DA:40,1
DA:41,1
LF:41
LH:18
BRDA:10,0,0,0
BRF:1
BRH:0
end_of_record
TN:
SF:src\infra\messaging\DoctorCreatedQueueAdapterIN.ts
FN:7,DoctorCreatedQueueAdapterIN
FN:12,consume
FNF:2
FNH:0
FNDA:0,DoctorCreatedQueueAdapterIN
FNDA:0,consume
DA:1,1
DA:2,1
DA:3,1
DA:4,1
DA:5,1
DA:6,1
DA:7,1
DA:8,0
DA:9,0
DA:10,0
DA:11,1
DA:12,1
DA:13,0
DA:14,0
DA:15,0
DA:16,0
DA:17,0
DA:18,0
DA:19,0
DA:20,0
DA:21,0
DA:22,0
DA:23,0
DA:24,0
DA:25,0
DA:26,0
DA:27,0
DA:28,0
DA:29,0
DA:30,0
DA:31,0
DA:32,0
DA:33,0
DA:34,0
DA:35,0
DA:36,0
DA:37,0
DA:38,0
DA:39,0
DA:40,0
DA:41,0
DA:42,0
DA:43,0
DA:44,1
DA:45,1
LF:45
LH:11
BRF:0
BRH:0
end_of_record
TN:
SF:src\infra\messaging\PatientCreatedQueueAdapterIN.ts
FN:7,PatientCreatedQueueAdapterIN
FN:12,consume
FNF:2
FNH:0
FNDA:0,PatientCreatedQueueAdapterIN
FNDA:0,consume
DA:1,1
DA:2,1
DA:3,1
DA:4,1
DA:5,1
DA:6,1
DA:7,1
DA:8,0
DA:9,0
DA:10,0
DA:11,1
DA:12,1
DA:13,0
DA:14,0
DA:15,0
DA:16,0
DA:17,0
DA:18,0
DA:19,0
DA:20,0
DA:21,0
DA:22,0
DA:23,0
DA:24,0
DA:25,0
DA:26,0
DA:27,0
DA:28,0
DA:29,0
DA:30,0
DA:31,0
DA:32,0
DA:33,0
DA:34,0
DA:35,0
DA:36,0
DA:37,0
DA:38,0
DA:39,0
DA:40,0
DA:41,0
DA:42,0
DA:43,0
DA:44,1
DA:45,1
LF:45
LH:11
BRF:0
BRH:0
end_of_record
TN:
SF:src\interface\web\api\DoctosApi.ts
FN:23,DoctosApi
FN:28,list
FN:42,availableSlots
FN:56,createSlot
FN:73,createAppointment
FN:90,editSlots
FNF:6
FNH:6
FNDA:1,DoctosApi
FNDA:2,list
FNDA:1,availableSlots
FNDA:2,createSlot
FNDA:2,createAppointment
FNDA:2,editSlots
DA:1,1
DA:2,1
DA:3,1
DA:4,1
DA:5,1
DA:6,1
DA:7,1
DA:8,1
DA:9,1
DA:10,1
DA:11,1
DA:12,1
DA:13,1
DA:14,1
DA:15,1
DA:16,1
DA:17,1
DA:18,1
DA:19,1
DA:20,1
DA:21,1
DA:22,1
DA:23,1
DA:24,1
DA:25,1
DA:26,1
DA:27,1
DA:28,1
DA:29,2
DA:30,2
DA:31,2
DA:32,2
DA:33,2
DA:34,2
DA:35,2
DA:36,2
DA:37,2
DA:38,0
DA:39,0
DA:40,1
DA:41,1
DA:42,1
DA:43,1
DA:44,1
DA:45,1
DA:46,1
DA:47,1
DA:48,1
DA:49,1
DA:50,1
DA:51,1
DA:52,0
DA:53,0
DA:54,1
DA:55,1
DA:56,1
DA:57,2
DA:58,2
DA:59,2
DA:60,2
DA:61,2
DA:62,2
DA:63,2
DA:64,2
DA:65,2
DA:66,1
DA:67,1
DA:68,1
DA:69,1
DA:70,1
DA:71,2
DA:72,1
DA:73,1
DA:74,2
DA:75,2
DA:76,2
DA:77,2
DA:78,2
DA:79,2
DA:80,2
DA:81,2
DA:82,2
DA:83,1
DA:84,1
DA:85,1
DA:86,1
DA:87,1
DA:88,2
DA:89,1
DA:90,1
DA:91,2
DA:92,2
DA:93,2
DA:94,2
DA:95,2
DA:96,2
DA:97,2
DA:98,2
DA:99,2
DA:100,1
DA:101,1
DA:102,1
DA:103,1
DA:104,1
DA:105,1
DA:106,1
LF:106
LH:102
BRDA:23,0,0,1
BRDA:28,1,0,2
BRDA:37,2,0,0
BRDA:42,3,0,1
BRDA:51,4,0,0
BRDA:56,5,0,2
BRDA:66,6,0,1
BRDA:73,7,0,2
BRDA:83,8,0,1
BRDA:90,9,0,2
BRDA:100,10,0,1
BRF:11
BRH:9
end_of_record
TN:
SF:src\interface\web\routers\Middleware.ts
FN:3,authenticateToken
FNF:1
FNH:1
FNDA:9,authenticateToken
DA:1,1
DA:2,1
DA:3,1
DA:4,9
DA:5,9
DA:6,9
DA:7,9
DA:8,0
DA:9,0
DA:10,9
DA:11,9
DA:12,9
DA:13,0
DA:14,0
DA:15,9
DA:16,9
DA:17,9
DA:18,9
LF:18
LH:14
BRDA:3,0,0,9
BRDA:7,1,0,0
BRDA:11,2,0,9
BRDA:12,3,0,0
BRF:4
BRH:2
end_of_record
TN:
SF:src\interface\web\routers\doctors.router.ts
FN:4,doctorsRouter
FNF:1
FNH:1
FNDA:1,doctorsRouter
DA:1,1
DA:2,1
DA:3,1
DA:4,1
DA:5,1
DA:6,1
DA:7,1
DA:8,1
DA:9,1
DA:10,1
DA:11,1
DA:12,1
DA:13,1
DA:14,1
DA:15,1
DA:16,1
DA:17,1
LF:17
LH:17
BRDA:4,0,0,1
BRDA:6,1,0,2
BRDA:8,2,0,1
BRDA:10,3,0,2
BRDA:12,4,0,2
BRDA:14,5,0,2
BRF:6
BRH:6
end_of_record
TN:
SF:src\interface\web\routers\index.ts
FN:7,router
FNF:1
FNH:1
FNDA:1,router
DA:1,1
DA:2,1
DA:3,1
DA:4,1
DA:5,1
DA:6,1
DA:7,1
DA:8,1
DA:9,1
DA:10,1
DA:11,1
DA:12,1
DA:13,1
DA:14,1
LF:14
LH:14
BRDA:7,0,0,1
BRF:1
BRH:1
end_of_record
